Flutter crash report.
Please report a bug at https://github.com/flutter/flutter/issues.

## command

flutter --no-color attach --machine --device-id=emulator-5554 lib\main.dart

## exception

StateError: Bad state: Future already completed

```
#0      _AsyncCompleter.complete (dart:async/future_impl.dart:35:31)
#1      FlutterDevice.connect.<anonymous closure> (package:flutter_tools/src/resident_runner.dart:325:17)
<asynchronous suspension>
```

## flutter doctor

```
[✓] Flutter (Channel stable, 3.0.1, on Microsoft Windows [versÆo 10.0.19043.1706], locale pt-BR)
    • Flutter version 3.0.1 at C:\ambiente\flutter
    • Upstream repository https://github.com/flutter/flutter.git
    • Framework revision fb57da5f94 (3 weeks ago), 2022-05-19 15:50:29 -0700
    • Engine revision caaafc5604
    • Dart version 2.17.1
    • DevTools version 2.12.2

[✓] Android toolchain - develop for Android devices (Android SDK version 32.1.0-rc1)
    • Android SDK at C:\Users\SISTEMAS 2141\AppData\Local\Android\sdk
    • Platform android-32, build-tools 32.1.0-rc1
    • Java binary at: C:\Program Files\Android\Android Studio\jre\bin\java
    • Java version OpenJDK Runtime Environment (build 11.0.12+7-b1504.28-7817840)
    • All Android licenses accepted.

[✓] Chrome - develop for the web
    • Chrome at C:\Program Files\Google\Chrome\Application\chrome.exe

[✗] Visual Studio - develop for Windows
    ✗ Visual Studio not installed; this is necessary for Windows development.
      Download at https://visualstudio.microsoft.com/downloads/.
      Please install the "Desktop development with C++" workload, including all of its default components

[✓] Android Studio (version 2021.2)
    • Android Studio at C:\Program Files\Android\Android Studio
    • Flutter plugin can be installed from:
      🔨 https://plugins.jetbrains.com/plugin/9212-flutter
    • Dart plugin can be installed from:
      🔨 https://plugins.jetbrains.com/plugin/6351-dart
    • Java version OpenJDK Runtime Environment (build 11.0.12+7-b1504.28-7817840)

[✓] VS Code (version 1.67.2)
    • VS Code at C:\Users\SISTEMAS 2141\AppData\Local\Programs\Microsoft VS Code
    • Flutter extension can be installed from:
      🔨 https://marketplace.visualstudio.com/items?itemName=Dart-Code.flutter

[✓] Connected device (4 available)
    • sdk gphone64 x86 64 (mobile) • emulator-5554 • android-x64    • Android 12 (API 32) (emulator)
    • Windows (desktop)            • windows       • windows-x64    • Microsoft Windows [versÆo 10.0.19043.1706]
    • Chrome (web)                 • chrome        • web-javascript • Google Chrome 102.0.5005.63
    • Edge (web)                   • edge          • web-javascript • Microsoft Edge 102.0.1245.30

[✓] HTTP Host Availability
    • All required HTTP hosts are available

! Doctor found issues in 1 category.
```
